<?xml version="1.0" encoding="UTF-8"?>
<testng-results ignored="0" total="10" passed="8" failed="2" skipped="0">
  <reporter-output>
  </reporter-output>
  <suite started-at="2025-02-05T11:49:23 IST" name="Default suite" finished-at="2025-02-05T11:52:45 IST" duration-ms="202134">
    <groups>
    </groups>
    <test started-at="2025-02-05T11:49:23 IST" name="Default test" finished-at="2025-02-05T11:52:45 IST" duration-ms="202134">
      <class name="testCases.RetailOrdersModule">
        <test-method is-config="true" signature="setupReport(org.testng.ITestContext)[pri:0, instance:testCases.RetailOrdersModule@5e0e82ae]" started-at="2025-02-05T11:49:22 IST" name="setupReport" finished-at="2025-02-05T11:49:23 IST" duration-ms="501" status="PASS">
          <params>
            <param index="0">
              <value>
                <![CDATA[org.testng.TestRunner@1cab19e2]]>
              </value>
            </param>
          </params>
          <reporter-output>
          </reporter-output>
        </test-method> <!-- setupReport -->
        <test-method is-config="true" signature="setupTest(org.testng.xml.XmlTest)[pri:0, instance:testCases.RetailOrdersModule@5e0e82ae]" started-at="2025-02-05T11:49:23 IST" name="setupTest" finished-at="2025-02-05T11:49:23 IST" duration-ms="5" status="PASS">
          <params>
            <param index="0">
              <value>
                <![CDATA[org.testng.xml.XmlTest@d47990e3]]>
              </value>
            </param>
          </params>
          <reporter-output>
          </reporter-output>
        </test-method> <!-- setupTest -->
        <test-method is-config="true" signature="setup()[pri:0, instance:testCases.RetailOrdersModule@5e0e82ae]" started-at="2025-02-05T11:49:23 IST" name="setup" finished-at="2025-02-05T11:49:30 IST" duration-ms="7093" status="PASS">
          <reporter-output>
          </reporter-output>
        </test-method> <!-- setup -->
        <test-method is-config="true" signature="configureTestReport(java.lang.reflect.Method)[pri:0, instance:testCases.RetailOrdersModule@5e0e82ae]" started-at="2025-02-05T11:49:30 IST" name="configureTestReport" finished-at="2025-02-05T11:49:30 IST" duration-ms="12" status="PASS">
          <params>
            <param index="0">
              <value>
                <![CDATA[public void testCases.RetailOrdersModule.B2C_001()]]>
              </value>
            </param>
          </params>
          <reporter-output>
          </reporter-output>
        </test-method> <!-- configureTestReport -->
        <test-method signature="B2C_001()[pri:1, instance:testCases.RetailOrdersModule@5e0e82ae]" started-at="2025-02-05T11:49:30 IST" name="B2C_001" finished-at="2025-02-05T11:49:59 IST" duration-ms="29306" status="PASS">
          <reporter-output>
          </reporter-output>
        </test-method> <!-- B2C_001 -->
        <test-method is-config="true" signature="teardownTest(org.testng.ITestResult)[pri:0, instance:testCases.RetailOrdersModule@5e0e82ae]" started-at="2025-02-05T11:49:59 IST" name="teardownTest" finished-at="2025-02-05T11:49:59 IST" duration-ms="2" status="PASS">
          <params>
            <param index="0">
              <value>
                <![CDATA[[TestResult name=B2C_001 status=SUCCESS method=RetailOrdersModule.B2C_001()[pri:1, instance:testCases.RetailOrdersModule@5e0e82ae] output={null}]]]>
              </value>
            </param>
          </params>
          <reporter-output>
          </reporter-output>
        </test-method> <!-- teardownTest -->
        <test-method is-config="true" signature="configureTestReport(java.lang.reflect.Method)[pri:0, instance:testCases.RetailOrdersModule@5e0e82ae]" started-at="2025-02-05T11:49:59 IST" name="configureTestReport" finished-at="2025-02-05T11:49:59 IST" duration-ms="0" status="PASS">
          <params>
            <param index="0">
              <value>
                <![CDATA[public void testCases.RetailOrdersModule.B2C_002()]]>
              </value>
            </param>
          </params>
          <reporter-output>
          </reporter-output>
        </test-method> <!-- configureTestReport -->
        <test-method signature="B2C_002()[pri:2, instance:testCases.RetailOrdersModule@5e0e82ae]" started-at="2025-02-05T11:49:59 IST" name="B2C_002" finished-at="2025-02-05T11:50:22 IST" duration-ms="23072" status="PASS">
          <reporter-output>
          </reporter-output>
        </test-method> <!-- B2C_002 -->
        <test-method is-config="true" signature="teardownTest(org.testng.ITestResult)[pri:0, instance:testCases.RetailOrdersModule@5e0e82ae]" started-at="2025-02-05T11:50:22 IST" name="teardownTest" finished-at="2025-02-05T11:50:22 IST" duration-ms="0" status="PASS">
          <params>
            <param index="0">
              <value>
                <![CDATA[[TestResult name=B2C_002 status=SUCCESS method=RetailOrdersModule.B2C_002()[pri:2, instance:testCases.RetailOrdersModule@5e0e82ae] output={null}]]]>
              </value>
            </param>
          </params>
          <reporter-output>
          </reporter-output>
        </test-method> <!-- teardownTest -->
        <test-method is-config="true" signature="configureTestReport(java.lang.reflect.Method)[pri:0, instance:testCases.RetailOrdersModule@5e0e82ae]" started-at="2025-02-05T11:50:22 IST" name="configureTestReport" finished-at="2025-02-05T11:50:22 IST" duration-ms="1" status="PASS">
          <params>
            <param index="0">
              <value>
                <![CDATA[public void testCases.RetailOrdersModule.B2C_003()]]>
              </value>
            </param>
          </params>
          <reporter-output>
          </reporter-output>
        </test-method> <!-- configureTestReport -->
        <test-method signature="B2C_003()[pri:3, instance:testCases.RetailOrdersModule@5e0e82ae]" started-at="2025-02-05T11:50:22 IST" name="B2C_003" finished-at="2025-02-05T11:50:45 IST" duration-ms="22317" status="PASS">
          <reporter-output>
          </reporter-output>
        </test-method> <!-- B2C_003 -->
        <test-method is-config="true" signature="teardownTest(org.testng.ITestResult)[pri:0, instance:testCases.RetailOrdersModule@5e0e82ae]" started-at="2025-02-05T11:50:45 IST" name="teardownTest" finished-at="2025-02-05T11:50:45 IST" duration-ms="2" status="PASS">
          <params>
            <param index="0">
              <value>
                <![CDATA[[TestResult name=B2C_003 status=SUCCESS method=RetailOrdersModule.B2C_003()[pri:3, instance:testCases.RetailOrdersModule@5e0e82ae] output={null}]]]>
              </value>
            </param>
          </params>
          <reporter-output>
          </reporter-output>
        </test-method> <!-- teardownTest -->
        <test-method is-config="true" signature="configureTestReport(java.lang.reflect.Method)[pri:0, instance:testCases.RetailOrdersModule@5e0e82ae]" started-at="2025-02-05T11:50:45 IST" name="configureTestReport" finished-at="2025-02-05T11:50:45 IST" duration-ms="0" status="PASS">
          <params>
            <param index="0">
              <value>
                <![CDATA[public void testCases.RetailOrdersModule.B2C_004()]]>
              </value>
            </param>
          </params>
          <reporter-output>
          </reporter-output>
        </test-method> <!-- configureTestReport -->
        <test-method signature="B2C_004()[pri:4, instance:testCases.RetailOrdersModule@5e0e82ae]" started-at="2025-02-05T11:50:45 IST" name="B2C_004" finished-at="2025-02-05T11:51:06 IST" duration-ms="21544" status="PASS">
          <reporter-output>
          </reporter-output>
        </test-method> <!-- B2C_004 -->
        <test-method is-config="true" signature="teardownTest(org.testng.ITestResult)[pri:0, instance:testCases.RetailOrdersModule@5e0e82ae]" started-at="2025-02-05T11:51:06 IST" name="teardownTest" finished-at="2025-02-05T11:51:06 IST" duration-ms="0" status="PASS">
          <params>
            <param index="0">
              <value>
                <![CDATA[[TestResult name=B2C_004 status=SUCCESS method=RetailOrdersModule.B2C_004()[pri:4, instance:testCases.RetailOrdersModule@5e0e82ae] output={null}]]]>
              </value>
            </param>
          </params>
          <reporter-output>
          </reporter-output>
        </test-method> <!-- teardownTest -->
        <test-method is-config="true" signature="configureTestReport(java.lang.reflect.Method)[pri:0, instance:testCases.RetailOrdersModule@5e0e82ae]" started-at="2025-02-05T11:51:06 IST" name="configureTestReport" finished-at="2025-02-05T11:51:06 IST" duration-ms="0" status="PASS">
          <params>
            <param index="0">
              <value>
                <![CDATA[public void testCases.RetailOrdersModule.B2C_005()]]>
              </value>
            </param>
          </params>
          <reporter-output>
          </reporter-output>
        </test-method> <!-- configureTestReport -->
        <test-method signature="B2C_005()[pri:5, instance:testCases.RetailOrdersModule@5e0e82ae]" started-at="2025-02-05T11:51:06 IST" name="B2C_005" finished-at="2025-02-05T11:51:28 IST" duration-ms="22164" status="PASS">
          <reporter-output>
          </reporter-output>
        </test-method> <!-- B2C_005 -->
        <test-method is-config="true" signature="configureTestReport(java.lang.reflect.Method)[pri:0, instance:testCases.RetailOrdersModule@5e0e82ae]" started-at="2025-02-05T11:51:28 IST" name="configureTestReport" finished-at="2025-02-05T11:51:28 IST" duration-ms="1" status="PASS">
          <params>
            <param index="0">
              <value>
                <![CDATA[public void testCases.RetailOrdersModule.B2C_006()]]>
              </value>
            </param>
          </params>
          <reporter-output>
          </reporter-output>
        </test-method> <!-- configureTestReport -->
        <test-method is-config="true" signature="teardownTest(org.testng.ITestResult)[pri:0, instance:testCases.RetailOrdersModule@5e0e82ae]" started-at="2025-02-05T11:51:28 IST" name="teardownTest" finished-at="2025-02-05T11:51:28 IST" duration-ms="0" status="PASS">
          <params>
            <param index="0">
              <value>
                <![CDATA[[TestResult name=B2C_005 status=SUCCESS method=RetailOrdersModule.B2C_005()[pri:5, instance:testCases.RetailOrdersModule@5e0e82ae] output={null}]]]>
              </value>
            </param>
          </params>
          <reporter-output>
          </reporter-output>
        </test-method> <!-- teardownTest -->
        <test-method signature="B2C_006()[pri:6, instance:testCases.RetailOrdersModule@5e0e82ae]" started-at="2025-02-05T11:51:28 IST" name="B2C_006" finished-at="2025-02-05T11:51:51 IST" duration-ms="22532" status="PASS">
          <reporter-output>
          </reporter-output>
        </test-method> <!-- B2C_006 -->
        <test-method is-config="true" signature="teardownTest(org.testng.ITestResult)[pri:0, instance:testCases.RetailOrdersModule@5e0e82ae]" started-at="2025-02-05T11:51:51 IST" name="teardownTest" finished-at="2025-02-05T11:51:51 IST" duration-ms="0" status="PASS">
          <params>
            <param index="0">
              <value>
                <![CDATA[[TestResult name=B2C_006 status=SUCCESS method=RetailOrdersModule.B2C_006()[pri:6, instance:testCases.RetailOrdersModule@5e0e82ae] output={null}]]]>
              </value>
            </param>
          </params>
          <reporter-output>
          </reporter-output>
        </test-method> <!-- teardownTest -->
        <test-method signature="B2C_007()[pri:7, instance:testCases.RetailOrdersModule@5e0e82ae]" started-at="2025-02-05T11:51:51 IST" name="B2C_007" finished-at="2025-02-05T11:52:16 IST" duration-ms="24624" status="PASS">
          <reporter-output>
          </reporter-output>
        </test-method> <!-- B2C_007 -->
        <test-method is-config="true" signature="configureTestReport(java.lang.reflect.Method)[pri:0, instance:testCases.RetailOrdersModule@5e0e82ae]" started-at="2025-02-05T11:51:51 IST" name="configureTestReport" finished-at="2025-02-05T11:51:51 IST" duration-ms="0" status="PASS">
          <params>
            <param index="0">
              <value>
                <![CDATA[public void testCases.RetailOrdersModule.B2C_007()]]>
              </value>
            </param>
          </params>
          <reporter-output>
          </reporter-output>
        </test-method> <!-- configureTestReport -->
        <test-method is-config="true" signature="teardownTest(org.testng.ITestResult)[pri:0, instance:testCases.RetailOrdersModule@5e0e82ae]" started-at="2025-02-05T11:52:16 IST" name="teardownTest" finished-at="2025-02-05T11:52:16 IST" duration-ms="0" status="PASS">
          <params>
            <param index="0">
              <value>
                <![CDATA[[TestResult name=B2C_007 status=SUCCESS method=RetailOrdersModule.B2C_007()[pri:7, instance:testCases.RetailOrdersModule@5e0e82ae] output={null}]]]>
              </value>
            </param>
          </params>
          <reporter-output>
          </reporter-output>
        </test-method> <!-- teardownTest -->
        <test-method is-config="true" signature="configureTestReport(java.lang.reflect.Method)[pri:0, instance:testCases.RetailOrdersModule@5e0e82ae]" started-at="2025-02-05T11:52:16 IST" name="configureTestReport" finished-at="2025-02-05T11:52:16 IST" duration-ms="1" status="PASS">
          <params>
            <param index="0">
              <value>
                <![CDATA[public void testCases.RetailOrdersModule.B2C_008()]]>
              </value>
            </param>
          </params>
          <reporter-output>
          </reporter-output>
        </test-method> <!-- configureTestReport -->
        <test-method signature="B2C_008()[pri:8, instance:testCases.RetailOrdersModule@5e0e82ae]" started-at="2025-02-05T11:52:16 IST" name="B2C_008" finished-at="2025-02-05T11:52:41 IST" duration-ms="25073" status="PASS">
          <reporter-output>
          </reporter-output>
        </test-method> <!-- B2C_008 -->
        <test-method is-config="true" signature="teardownTest(org.testng.ITestResult)[pri:0, instance:testCases.RetailOrdersModule@5e0e82ae]" started-at="2025-02-05T11:52:41 IST" name="teardownTest" finished-at="2025-02-05T11:52:41 IST" duration-ms="1" status="PASS">
          <params>
            <param index="0">
              <value>
                <![CDATA[[TestResult name=B2C_008 status=SUCCESS method=RetailOrdersModule.B2C_008()[pri:8, instance:testCases.RetailOrdersModule@5e0e82ae] output={null}]]]>
              </value>
            </param>
          </params>
          <reporter-output>
          </reporter-output>
        </test-method> <!-- teardownTest -->
        <test-method is-config="true" signature="configureTestReport(java.lang.reflect.Method)[pri:0, instance:testCases.RetailOrdersModule@5e0e82ae]" started-at="2025-02-05T11:52:41 IST" name="configureTestReport" finished-at="2025-02-05T11:52:41 IST" duration-ms="0" status="PASS">
          <params>
            <param index="0">
              <value>
                <![CDATA[public void testCases.RetailOrdersModule.B2C_009()]]>
              </value>
            </param>
          </params>
          <reporter-output>
          </reporter-output>
        </test-method> <!-- configureTestReport -->
        <test-method signature="B2C_009()[pri:9, instance:testCases.RetailOrdersModule@5e0e82ae]" started-at="2025-02-05T11:52:41 IST" name="B2C_009" finished-at="2025-02-05T11:52:43 IST" duration-ms="2532" status="FAIL">
          <exception class="org.openqa.selenium.ElementClickInterceptedException">
            <message>
              <![CDATA[element click intercepted: Element <b _ngcontent-jng-c464="">...</b> is not clickable at point (271, 441). Other element would receive the click: <div _ngcontent-jng-c210="" class="preloader">...</div>
  (Session info: chrome=132.0.6834.160)
Build info: version: '4.27.0', revision: 'd6e718d134'
System info: os.name: 'Windows 11', os.arch: 'amd64', os.version: '10.0', java.version: '23.0.1'
Driver info: org.openqa.selenium.chrome.ChromeDriver
Command: [f9674394ec4269fa15c985477503b239, clickElement {id=f.10498866F2439B0627B38419FDBA1CC8.d.8ECB0D12B3C7EFF46D4AAB7742115CE6.e.3611}]
Capabilities {acceptInsecureCerts: false, browserName: chrome, browserVersion: 132.0.6834.160, chrome: {chromedriverVersion: 132.0.6834.159 (2d77d3fc445..., userDataDir: C:\Users\user\AppData\Local...}, fedcm:accounts: true, goog:chromeOptions: {debuggerAddress: localhost:54180}, networkConnectionEnabled: false, pageLoadStrategy: normal, platformName: windows, proxy: Proxy(), se:cdp: ws://localhost:54180/devtoo..., se:cdpVersion: 132.0.6834.160, setWindowRect: true, strictFileInteractability: false, timeouts: {implicit: 0, pageLoad: 300000, script: 30000}, unhandledPromptBehavior: dismiss and notify, webauthn:extension:credBlob: true, webauthn:extension:largeBlob: true, webauthn:extension:minPinLength: true, webauthn:extension:prf: true, webauthn:virtualAuthenticators: true}
Element: [[ChromeDriver: chrome on windows (f9674394ec4269fa15c985477503b239)] -> xpath: //h5[text()='Contact Person']/..//b[text()='Save']]
Session ID: f9674394ec4269fa15c985477503b239]]>
            </message>
            <full-stacktrace>
              <![CDATA[org.openqa.selenium.ElementClickInterceptedException: element click intercepted: Element <b _ngcontent-jng-c464="">...</b> is not clickable at point (271, 441). Other element would receive the click: <div _ngcontent-jng-c210="" class="preloader">...</div>
  (Session info: chrome=132.0.6834.160)
Build info: version: '4.27.0', revision: 'd6e718d134'
System info: os.name: 'Windows 11', os.arch: 'amd64', os.version: '10.0', java.version: '23.0.1'
Driver info: org.openqa.selenium.chrome.ChromeDriver
Command: [f9674394ec4269fa15c985477503b239, clickElement {id=f.10498866F2439B0627B38419FDBA1CC8.d.8ECB0D12B3C7EFF46D4AAB7742115CE6.e.3611}]
Capabilities {acceptInsecureCerts: false, browserName: chrome, browserVersion: 132.0.6834.160, chrome: {chromedriverVersion: 132.0.6834.159 (2d77d3fc445..., userDataDir: C:\Users\user\AppData\Local...}, fedcm:accounts: true, goog:chromeOptions: {debuggerAddress: localhost:54180}, networkConnectionEnabled: false, pageLoadStrategy: normal, platformName: windows, proxy: Proxy(), se:cdp: ws://localhost:54180/devtoo..., se:cdpVersion: 132.0.6834.160, setWindowRect: true, strictFileInteractability: false, timeouts: {implicit: 0, pageLoad: 300000, script: 30000}, unhandledPromptBehavior: dismiss and notify, webauthn:extension:credBlob: true, webauthn:extension:largeBlob: true, webauthn:extension:minPinLength: true, webauthn:extension:prf: true, webauthn:virtualAuthenticators: true}
Element: [[ChromeDriver: chrome on windows (f9674394ec4269fa15c985477503b239)] -> xpath: //h5[text()='Contact Person']/..//b[text()='Save']]
Session ID: f9674394ec4269fa15c985477503b239
at java.base/jdk.internal.reflect.DirectConstructorHandleAccessor.newInstance(DirectConstructorHandleAccessor.java:62)
at java.base/java.lang.reflect.Constructor.newInstanceWithCaller(Constructor.java:501)
at java.base/java.lang.reflect.Constructor.newInstance(Constructor.java:485)
at org.openqa.selenium.remote.ErrorCodec.decode(ErrorCodec.java:167)
at org.openqa.selenium.remote.codec.w3c.W3CHttpResponseCodec.decode(W3CHttpResponseCodec.java:138)
at org.openqa.selenium.remote.codec.w3c.W3CHttpResponseCodec.decode(W3CHttpResponseCodec.java:50)
at org.openqa.selenium.remote.HttpCommandExecutor.execute(HttpCommandExecutor.java:190)
at org.openqa.selenium.remote.service.DriverCommandExecutor.invokeExecute(DriverCommandExecutor.java:216)
at org.openqa.selenium.remote.service.DriverCommandExecutor.execute(DriverCommandExecutor.java:174)
at org.openqa.selenium.remote.RemoteWebDriver.execute(RemoteWebDriver.java:545)
at org.openqa.selenium.remote.RemoteWebElement.execute(RemoteWebElement.java:223)
at org.openqa.selenium.remote.RemoteWebElement.click(RemoteWebElement.java:76)
at java.base/jdk.internal.reflect.DirectMethodHandleAccessor.invoke(DirectMethodHandleAccessor.java:103)
at java.base/java.lang.reflect.Method.invoke(Method.java:580)
at org.openqa.selenium.support.pagefactory.internal.LocatingElementHandler.invoke(LocatingElementHandler.java:51)
at jdk.proxy2/jdk.proxy2.$Proxy19.click(Unknown Source)
at pageObjects.RetailOrdersPage.enterConatctPersonDetails(RetailOrdersPage.java:115)
at testCases.RetailOrdersModule.B2C_009(RetailOrdersModule.java:596)
at java.base/jdk.internal.reflect.DirectMethodHandleAccessor.invoke(DirectMethodHandleAccessor.java:103)
at java.base/java.lang.reflect.Method.invoke(Method.java:580)
at org.testng.internal.MethodInvocationHelper.invokeMethod(MethodInvocationHelper.java:133)
at org.testng.internal.TestInvoker.invokeMethod(TestInvoker.java:598)
at org.testng.internal.TestInvoker.invokeTestMethod(TestInvoker.java:173)
at org.testng.internal.MethodRunner.runInSequence(MethodRunner.java:46)
at org.testng.internal.TestInvoker$MethodInvocationAgent.invoke(TestInvoker.java:824)
at org.testng.internal.TestInvoker.invokeTestMethods(TestInvoker.java:146)
at org.testng.internal.TestMethodWorker.invokeTestMethods(TestMethodWorker.java:146)
at org.testng.internal.TestMethodWorker.run(TestMethodWorker.java:128)
at java.base/java.util.ArrayList.forEach(ArrayList.java:1597)
at org.testng.TestRunner.privateRun(TestRunner.java:794)
at org.testng.TestRunner.run(TestRunner.java:596)
at org.testng.SuiteRunner.runTest(SuiteRunner.java:377)
at org.testng.SuiteRunner.runSequentially(SuiteRunner.java:371)
at org.testng.SuiteRunner.privateRun(SuiteRunner.java:332)
at org.testng.SuiteRunner.run(SuiteRunner.java:276)
at org.testng.SuiteRunnerWorker.runSuite(SuiteRunnerWorker.java:53)
at org.testng.SuiteRunnerWorker.run(SuiteRunnerWorker.java:96)
at org.testng.TestNG.runSuitesSequentially(TestNG.java:1212)
at org.testng.TestNG.runSuitesLocally(TestNG.java:1134)
at org.testng.TestNG.runSuites(TestNG.java:1063)
at org.testng.TestNG.run(TestNG.java:1031)
at org.testng.remote.AbstractRemoteTestNG.run(AbstractRemoteTestNG.java:115)
at org.testng.remote.RemoteTestNG.initAndRun(RemoteTestNG.java:293)
at org.testng.remote.RemoteTestNG.main(RemoteTestNG.java:91)
]]>
            </full-stacktrace>
          </exception> <!-- org.openqa.selenium.ElementClickInterceptedException -->
          <reporter-output>
          </reporter-output>
        </test-method> <!-- B2C_009 -->
        <test-method is-config="true" signature="teardownTest(org.testng.ITestResult)[pri:0, instance:testCases.RetailOrdersModule@5e0e82ae]" started-at="2025-02-05T11:52:43 IST" name="teardownTest" finished-at="2025-02-05T11:52:43 IST" duration-ms="0" status="PASS">
          <params>
            <param index="0">
              <value>
                <![CDATA[[TestResult name=B2C_009 status=FAILURE method=RetailOrdersModule.B2C_009()[pri:9, instance:testCases.RetailOrdersModule@5e0e82ae] output={null}]]]>
              </value>
            </param>
          </params>
          <reporter-output>
          </reporter-output>
        </test-method> <!-- teardownTest -->
        <test-method is-config="true" signature="configureTestReport(java.lang.reflect.Method)[pri:0, instance:testCases.RetailOrdersModule@5e0e82ae]" started-at="2025-02-05T11:52:43 IST" name="configureTestReport" finished-at="2025-02-05T11:52:43 IST" duration-ms="1" status="PASS">
          <params>
            <param index="0">
              <value>
                <![CDATA[public void testCases.RetailOrdersModule.B2C_010()]]>
              </value>
            </param>
          </params>
          <reporter-output>
          </reporter-output>
        </test-method> <!-- configureTestReport -->
        <test-method signature="B2C_010()[pri:10, instance:testCases.RetailOrdersModule@5e0e82ae]" started-at="2025-02-05T11:52:43 IST" name="B2C_010" finished-at="2025-02-05T11:52:45 IST" duration-ms="1332" status="FAIL">
          <exception class="org.openqa.selenium.ElementClickInterceptedException">
            <message>
              <![CDATA[element click intercepted: Element <i _ngcontent-jng-c212="" aria-hidden="true" class="fa fa-shopping-basket"></i> is not clickable at point (935, 167). Other element would receive the click: <div _ngcontent-jng-c210="" class="preloader">...</div>
  (Session info: chrome=132.0.6834.160)
Build info: version: '4.27.0', revision: 'd6e718d134'
System info: os.name: 'Windows 11', os.arch: 'amd64', os.version: '10.0', java.version: '23.0.1'
Driver info: org.openqa.selenium.chrome.ChromeDriver
Command: [f9674394ec4269fa15c985477503b239, clickElement {id=f.10498866F2439B0627B38419FDBA1CC8.d.8ECB0D12B3C7EFF46D4AAB7742115CE6.e.3548}]
Capabilities {acceptInsecureCerts: false, browserName: chrome, browserVersion: 132.0.6834.160, chrome: {chromedriverVersion: 132.0.6834.159 (2d77d3fc445..., userDataDir: C:\Users\user\AppData\Local...}, fedcm:accounts: true, goog:chromeOptions: {debuggerAddress: localhost:54180}, networkConnectionEnabled: false, pageLoadStrategy: normal, platformName: windows, proxy: Proxy(), se:cdp: ws://localhost:54180/devtoo..., se:cdpVersion: 132.0.6834.160, setWindowRect: true, strictFileInteractability: false, timeouts: {implicit: 0, pageLoad: 300000, script: 30000}, unhandledPromptBehavior: dismiss and notify, webauthn:extension:credBlob: true, webauthn:extension:largeBlob: true, webauthn:extension:minPinLength: true, webauthn:extension:prf: true, webauthn:virtualAuthenticators: true}
Element: [[ChromeDriver: chrome on windows (f9674394ec4269fa15c985477503b239)] -> xpath: //i[@class='fa fa-shopping-basket']]
Session ID: f9674394ec4269fa15c985477503b239]]>
            </message>
            <full-stacktrace>
              <![CDATA[org.openqa.selenium.ElementClickInterceptedException: element click intercepted: Element <i _ngcontent-jng-c212="" aria-hidden="true" class="fa fa-shopping-basket"></i> is not clickable at point (935, 167). Other element would receive the click: <div _ngcontent-jng-c210="" class="preloader">...</div>
  (Session info: chrome=132.0.6834.160)
Build info: version: '4.27.0', revision: 'd6e718d134'
System info: os.name: 'Windows 11', os.arch: 'amd64', os.version: '10.0', java.version: '23.0.1'
Driver info: org.openqa.selenium.chrome.ChromeDriver
Command: [f9674394ec4269fa15c985477503b239, clickElement {id=f.10498866F2439B0627B38419FDBA1CC8.d.8ECB0D12B3C7EFF46D4AAB7742115CE6.e.3548}]
Capabilities {acceptInsecureCerts: false, browserName: chrome, browserVersion: 132.0.6834.160, chrome: {chromedriverVersion: 132.0.6834.159 (2d77d3fc445..., userDataDir: C:\Users\user\AppData\Local...}, fedcm:accounts: true, goog:chromeOptions: {debuggerAddress: localhost:54180}, networkConnectionEnabled: false, pageLoadStrategy: normal, platformName: windows, proxy: Proxy(), se:cdp: ws://localhost:54180/devtoo..., se:cdpVersion: 132.0.6834.160, setWindowRect: true, strictFileInteractability: false, timeouts: {implicit: 0, pageLoad: 300000, script: 30000}, unhandledPromptBehavior: dismiss and notify, webauthn:extension:credBlob: true, webauthn:extension:largeBlob: true, webauthn:extension:minPinLength: true, webauthn:extension:prf: true, webauthn:virtualAuthenticators: true}
Element: [[ChromeDriver: chrome on windows (f9674394ec4269fa15c985477503b239)] -> xpath: //i[@class='fa fa-shopping-basket']]
Session ID: f9674394ec4269fa15c985477503b239
at java.base/jdk.internal.reflect.DirectConstructorHandleAccessor.newInstance(DirectConstructorHandleAccessor.java:62)
at java.base/java.lang.reflect.Constructor.newInstanceWithCaller(Constructor.java:501)
at java.base/java.lang.reflect.Constructor.newInstance(Constructor.java:485)
at org.openqa.selenium.remote.ErrorCodec.decode(ErrorCodec.java:167)
at org.openqa.selenium.remote.codec.w3c.W3CHttpResponseCodec.decode(W3CHttpResponseCodec.java:138)
at org.openqa.selenium.remote.codec.w3c.W3CHttpResponseCodec.decode(W3CHttpResponseCodec.java:50)
at org.openqa.selenium.remote.HttpCommandExecutor.execute(HttpCommandExecutor.java:190)
at org.openqa.selenium.remote.service.DriverCommandExecutor.invokeExecute(DriverCommandExecutor.java:216)
at org.openqa.selenium.remote.service.DriverCommandExecutor.execute(DriverCommandExecutor.java:174)
at org.openqa.selenium.remote.RemoteWebDriver.execute(RemoteWebDriver.java:545)
at org.openqa.selenium.remote.RemoteWebElement.execute(RemoteWebElement.java:223)
at org.openqa.selenium.remote.RemoteWebElement.click(RemoteWebElement.java:76)
at java.base/jdk.internal.reflect.DirectMethodHandleAccessor.invoke(DirectMethodHandleAccessor.java:103)
at java.base/java.lang.reflect.Method.invoke(Method.java:580)
at org.openqa.selenium.support.pagefactory.internal.LocatingElementHandler.invoke(LocatingElementHandler.java:51)
at jdk.proxy2/jdk.proxy2.$Proxy19.click(Unknown Source)
at pageObjects.HomePage.naviagetToCreateOrderPage(HomePage.java:32)
at testCases.RetailOrdersModule.B2C_010(RetailOrdersModule.java:662)
at java.base/jdk.internal.reflect.DirectMethodHandleAccessor.invoke(DirectMethodHandleAccessor.java:103)
at java.base/java.lang.reflect.Method.invoke(Method.java:580)
at org.testng.internal.MethodInvocationHelper.invokeMethod(MethodInvocationHelper.java:133)
at org.testng.internal.TestInvoker.invokeMethod(TestInvoker.java:598)
at org.testng.internal.TestInvoker.invokeTestMethod(TestInvoker.java:173)
at org.testng.internal.MethodRunner.runInSequence(MethodRunner.java:46)
at org.testng.internal.TestInvoker$MethodInvocationAgent.invoke(TestInvoker.java:824)
at org.testng.internal.TestInvoker.invokeTestMethods(TestInvoker.java:146)
at org.testng.internal.TestMethodWorker.invokeTestMethods(TestMethodWorker.java:146)
at org.testng.internal.TestMethodWorker.run(TestMethodWorker.java:128)
at java.base/java.util.ArrayList.forEach(ArrayList.java:1597)
at org.testng.TestRunner.privateRun(TestRunner.java:794)
at org.testng.TestRunner.run(TestRunner.java:596)
at org.testng.SuiteRunner.runTest(SuiteRunner.java:377)
at org.testng.SuiteRunner.runSequentially(SuiteRunner.java:371)
at org.testng.SuiteRunner.privateRun(SuiteRunner.java:332)
at org.testng.SuiteRunner.run(SuiteRunner.java:276)
at org.testng.SuiteRunnerWorker.runSuite(SuiteRunnerWorker.java:53)
at org.testng.SuiteRunnerWorker.run(SuiteRunnerWorker.java:96)
at org.testng.TestNG.runSuitesSequentially(TestNG.java:1212)
at org.testng.TestNG.runSuitesLocally(TestNG.java:1134)
at org.testng.TestNG.runSuites(TestNG.java:1063)
at org.testng.TestNG.run(TestNG.java:1031)
at org.testng.remote.AbstractRemoteTestNG.run(AbstractRemoteTestNG.java:115)
at org.testng.remote.RemoteTestNG.initAndRun(RemoteTestNG.java:293)
at org.testng.remote.RemoteTestNG.main(RemoteTestNG.java:91)
]]>
            </full-stacktrace>
          </exception> <!-- org.openqa.selenium.ElementClickInterceptedException -->
          <reporter-output>
          </reporter-output>
        </test-method> <!-- B2C_010 -->
        <test-method is-config="true" signature="teardownTest(org.testng.ITestResult)[pri:0, instance:testCases.RetailOrdersModule@5e0e82ae]" started-at="2025-02-05T11:52:45 IST" name="teardownTest" finished-at="2025-02-05T11:52:45 IST" duration-ms="0" status="PASS">
          <params>
            <param index="0">
              <value>
                <![CDATA[[TestResult name=B2C_010 status=FAILURE method=RetailOrdersModule.B2C_010()[pri:10, instance:testCases.RetailOrdersModule@5e0e82ae] output={null}]]]>
              </value>
            </param>
          </params>
          <reporter-output>
          </reporter-output>
        </test-method> <!-- teardownTest -->
        <test-method is-config="true" signature="tearDown()[pri:0, instance:testCases.RetailOrdersModule@5e0e82ae]" started-at="2025-02-05T11:52:45 IST" name="tearDown" finished-at="2025-02-05T11:52:45 IST" duration-ms="430" status="PASS">
          <reporter-output>
          </reporter-output>
        </test-method> <!-- tearDown -->
        <test-method is-config="true" signature="flushReport()[pri:0, instance:testCases.RetailOrdersModule@5e0e82ae]" started-at="2025-02-05T11:52:45 IST" name="flushReport" finished-at="2025-02-05T11:52:46 IST" duration-ms="583" status="PASS">
          <reporter-output>
          </reporter-output>
        </test-method> <!-- flushReport -->
      </class> <!-- testCases.RetailOrdersModule -->
    </test> <!-- Default test -->
  </suite> <!-- Default suite -->
</testng-results>
